c:\users\rui.maia\google drive\mestrado\workarea\devel\libfm\rfmconsoleapplication\debug\rfmconsoleapplication.lib
c:\users\rui.maia\google drive\mestrado\workarea\devel\libfm\rfmconsoleapplication\debug\rfmconsoleapplication.exp
c:\users\rui.maia\google drive\mestrado\workarea\devel\libfm\rfmconsoleapplication\rfmconsoleapplication\debug\rfmconsoleapplication.pch
c:\users\rui.maia\google drive\mestrado\workarea\devel\libfm\rfmconsoleapplication\rfmconsoleapplication\debug\vc120.pdb
c:\users\rui.maia\google drive\mestrado\workarea\devel\libfm\rfmconsoleapplication\rfmconsoleapplication\debug\vc120.idb
c:\users\rui.maia\google drive\mestrado\workarea\devel\libfm\rfmconsoleapplication\rfmconsoleapplication\debug\stdafx.obj
c:\users\rui.maia\google drive\mestrado\workarea\devel\libfm\rfmconsoleapplication\rfmconsoleapplication\debug\rfmconsoleapplication.obj
c:\users\rui.maia\google drive\mestrado\workarea\devel\libfm\rfmconsoleapplication\debug\rfmconsoleapplication.ilk
c:\users\rui.maia\google drive\mestrado\workarea\devel\libfm\rfmconsoleapplication\debug\rfmconsoleapplication.exe
c:\users\rui.maia\google drive\mestrado\workarea\devel\libfm\rfmconsoleapplication\debug\rfmconsoleapplication.pdb
z:\mestradooffsync\workarea\devel\libfm\rfmconsoleapplication\rfmconsoleapplication\debug\rfmconsoleapplication.obj
z:\mestradooffsync\workarea\devel\libfm\rfmconsoleapplication\rfmconsoleapplication\debug\stdafx.obj
z:\mestradooffsync\workarea\devel\libfm\rfmconsoleapplication\rfmconsoleapplication\debug\rfmconsoleapplication[conflito].obj
z:\mestradooffsync\workarea\devel\libfm\rfmconsoleapplication\rfmconsoleapplication\debug\rfmconsoleapplication.pch
z:\mestradooffsync\workarea\devel\libfm\rfmconsoleapplication\rfmconsoleapplication\debug\vc120.idb
z:\mestradooffsync\workarea\devel\libfm\rfmconsoleapplication\rfmconsoleapplication\debug\vc120.pdb
z:\mestradooffsync\workarea\devel\libfm\rfmconsoleapplication\debug\rfmconsoleapplication.pdb
z:\mestradooffsync\workarea\devel\libfm\rfmconsoleapplication\debug\rfmconsoleapplication.exe
z:\mestradooffsync\workarea\devel\libfm\rfmconsoleapplication\debug\rfmconsoleapplication.ilk
z:\mestradooffsync\workarea\devel\libfm\rfmconsoleapplication\rfmconsoleapplication\debug\rfmconso.d2541405.tlog\rfmconsoleapplication.write.1u.tlog
z:\mestradooffsync\workarea\devel\libfm\rfmconsoleapplication\rfmconsoleapplication\debug\rfmconso.d2541405.tlog\link.command.1.tlog
z:\mestradooffsync\workarea\devel\libfm\rfmconsoleapplication\rfmconsoleapplication\debug\rfmconso.d2541405.tlog\cl.command.1.tlog
z:\mestradooffsync\workarea\devel\libfm\rfmconsoleapplication\rfmconsoleapplication\debug\rfmconso.d2541405.tlog\cl.write.1.tlog
z:\mestradooffsync\workarea\devel\libfm\rfmconsoleapplication\rfmconsoleapplication\debug\rfmconso.d2541405.tlog\link.read.1.tlog
z:\mestradooffsync\workarea\devel\libfm\rfmconsoleapplication\rfmconsoleapplication\debug\rfmconso.d2541405.tlog\link.write.1.tlog
z:\mestradooffsync\workarea\devel\libfm\rfmconsoleapplication\rfmconsoleapplication\debug\rfmconso.d2541405.tlog\cl.read.1.tlog
